clnttcp_create: connect failed, error = 10061, retrying
%UIMSG-APPLICATION-ERROR, ui_create_search_path: Ignoring non-existent folder "../../libs/prowtlibs"
%UIMSG-COMMAND-ERROR, uicmd_cmd_group_cmd_by_name_add: command to add is not found
%UIMSG-COMMAND-ERROR, uicmd_cmd_group_cmd_by_name_add: command to add is not found
%UIMSG-COMMAND-ERROR, uicmd_cmd_group_cmd_by_name_add: command to add is not found
%UIMSG-APPLICATION-ERROR, Could not open resource file 'procmdutilappphotorealrend'
%UIMSG-USER-ERROR, Failed to create device: ProCmdUtilAppPhotoRealRend, from resource file: procmdutilappphotorealrend
%UIMSG-APPLICATION-ERROR, Could not open resource file 'procmdutilappphotorealrendclose'
%UIMSG-USER-ERROR, Failed to create device: ProCmdUtilAppPhotoRealRendClose, from resource file: procmdutilappphotorealrendclose
%UIMSG-COMMAND-ERROR, uicmd_cmd_group_cmd_by_name_add: command to add is not found
%UIMSG-COMMAND-ERROR, uicmd_cmd_group_cmd_by_name_add: command to add is not found
%UIMSG-COMMAND-ERROR, uicmd_cmd_group_cmd_by_name_add: command to add is not found
%UIMSG-COMMAND-ERROR, uicmd_cmd_set_hover_func: NULL uiCmdCommand
%UIMSG-COMMAND-ERROR, uicmd_cmd_set_hover_func: NULL uiCmdCommand
%UIMSG-COMMAND-ERROR, uicmd_cmd_set_hover_func: NULL uiCmdCommand
%UIMSG-COMMAND-ERROR, uicmd_cmd_set_hover_func: hover function already set
%UIMSG-COMMAND-ERROR, uicmd_cmd_set_hover_func: NULL uiCmdCommand
%UIMSG-COMMAND-ERROR, uicmd_cmd_set_hover_func: hover function already set
%UIMSG-COMMAND-ERROR, uicmd_cmd_group_cmd_by_name_add: command to add is not found
%UIMSG-USER-ERROR, Failed to preload image sp_128
%UIMSG-USER-ERROR, Failed to preload image sp_129
%UIMSG-USER-ERROR, Failed to preload image sp_130
%UIMSG-USER-ERROR, Failed to preload image sp_131
%UIMSG-USER-ERROR, Failed to preload image sp_132
%UIMSG-USER-ERROR, Failed to preload image sp_133
%UIMSG-USER-ERROR, Failed to preload image sp_134
%UIMSG-USER-ERROR, Failed to preload image sp_135
%UIMSG-USER-ERROR, Failed to preload image sp_136
%UIMSG-USER-ERROR, Failed to preload image sp_137
%UIMSG-USER-ERROR, Failed to preload image sp_138
%UIMSG-USER-ERROR, Failed to preload image sp_139
%UIMSG-USER-ERROR, Failed to preload image sp_140
%UIMSG-USER-ERROR, Failed to preload image sp_141
%UIMSG-USER-ERROR, Failed to preload image sp_142
%UIMSG-USER-ERROR, Failed to preload image sp_143
%UIMSG-USER-ERROR, Failed to preload image sp_144
%UIMSG-USER-ERROR, Failed to preload image sp_145
%UIMSG-USER-ERROR, Failed to preload image sp_146
%UIMSG-USER-ERROR, Failed to preload image sp_147
%UIMSG-USER-ERROR, Failed to preload image sp_148
%UIMSG-APPLICATION-ERROR, ui_create_search_path: Ignoring non-existent folder "proe/proribbon"
%UIMSG-USER-ERROR, TitleBarImage "creo_logo_parametric.ico" is the wrong size (32x32) for main_dlg_w1
%UIMSG-APPLICATION-ERROR, Did not find item <PHTLeft.CeViewTabLay> in Tab PHTLeft.ProExplorerTab@main_dlg_w1
%UIMSG-APPLICATION-ERROR, Failed to modify component: PHTLeft.ProExplorerTab, in device: main_dlg_w1
%UIMSG-APPLICATION-ERROR, Did not find item <PHTLeft.HistLay> in Tab PHTLeft.ProExplorerTab@main_dlg_w1
%UIMSG-APPLICATION-ERROR, Failed to modify component: PHTLeft.ProExplorerTab, in device: main_dlg_w1
%UIMSG-APPLICATION-ERROR, Tab has 2 items, but trying to set 3 selectables
%UIMSG-APPLICATION-ERROR, Failed to modify component: PHTLeft.ProExplorerTab, in device: main_dlg_w1
%UIMSG-APPLICATION-ERROR, Could not find component: proe_win, in device: rmb_popup, for ui_retrieve
%UIMSG-COMMAND-ERROR, uicmd_cmd_bracket_func_add: NULL uiCmdCommand
%UIMSG-APPLICATION-ERROR, ui_create_search_path: Ignoring non-existent folder "../../libs/prowtlibs"
%UIMSG-APPLICATION-ERROR, ui_create_search_path: Ignoring non-existent folder "../../proe/uitools"
%UIMSG-APPLICATION-ERROR, Could not open resource file 'lc_invoke'
%UIMSG-USER-ERROR, Failed to create device: LC_Invoke, from resource file: lc_invoke
%UIMSG-APPLICATION-ERROR, Could not open resource file 'procmdautoactdebug'
%UIMSG-USER-ERROR, Failed to create device: ProCmdAutoActDebug, from resource file: procmdautoactdebug
%UIMSG-APPLICATION-ERROR, Could not open resource file 'procmdautoactdebugdump'
%UIMSG-USER-ERROR, Failed to create device: ProCmdAutoActDebugDump, from resource file: procmdautoactdebugdump
%UIMSG-APPLICATION-ERROR, Could not open resource file 'procmdapplmenudbginfo'
%UIMSG-USER-ERROR, Failed to create device: ProCmdApplMenuDbgInfo, from resource file: procmdapplmenudbginfo
%UIMSG-APPLICATION-ERROR, Could not find component: user_standard_page_for_cust_ribbon_tb_start, in device: main_dlg_w1, for ui_modify
%UIMSG-APPLICATION-ERROR, Could not find component: user_standard_page_for_cust_ribbon_tb_end, in device: main_dlg_w1, for ui_modify
%UIMSG-APPLICATION-ERROR, Could not find device: pse_last_used_sess_dlg or component: psh_open, for ui_modify
%UIMSG-COMMAND-ERROR, uicmd_cmd_remove_component_value_changed_func: Can't find component listen function on command
%UIMSG-APPLICATION-ERROR, UI_global_remove_action_notifier_Op: No matching callback to remove
